[    0.000000] Initializing cgroup subsys cpuset
[    0.000000] Initializing cgroup subsys cpu
[    0.000000] Initializing cgroup subsys cpuacct
[    0.000000] Linux version 4.4.0-210-generic (buildd@lgw01-amd64-009) (gcc version 5.4.0 20160609 (Ubuntu 5.4.0-6ubuntu1~16.04.12) ) #242-Ubuntu SMP Fri Apr 16 09:57:56 UTC 2021 (Ubuntu 4.4.0-210.242-generic 4.4.262)
[    0.000000] Command line: BOOT_IMAGE=/boot/vmlinuz-4.4.0-210-generic root=LABEL=cloudimg-rootfs ro console=tty1 console=ttyS0
[    0.000000] KERNEL supported cpus:
[    0.000000]   Intel GenuineIntel
[    0.000000]   AMD AuthenticAMD
[    0.000000]   Centaur CentaurHauls
[    0.000000] x86/fpu: Legacy x87 FPU detected.
[    0.000000] e820: BIOS-provided physical RAM map:
[    0.000000] BIOS-e820: [mem 0x0000000000000000-0x000000000009fbff] usable
[    0.000000] BIOS-e820: [mem 0x000000000009fc00-0x000000000009ffff] reserved
[    0.000000] BIOS-e820: [mem 0x00000000000f0000-0x00000000000fffff] reserved
[    0.000000] BIOS-e820: [mem 0x0000000000100000-0x000000003ffeffff] usable
[    0.000000] BIOS-e820: [mem 0x000000003fff0000-0x000000003fffffff] ACPI data
[    0.000000] BIOS-e820: [mem 0x00000000fec00000-0x00000000fec00fff] reserved
[    0.000000] BIOS-e820: [mem 0x00000000fee00000-0x00000000fee00fff] reserved
[    0.000000] BIOS-e820: [mem 0x00000000fffc0000-0x00000000ffffffff] reserved
[    0.000000] NX (Execute Disable) protection: active
[    0.000000] SMBIOS 2.5 present.
[    0.000000] Hypervisor detected: KVM
[    0.000000] Kernel/User page tables isolation: disabled
[    0.000000] e820: last_pfn = 0x3fff0 max_arch_pfn = 0x400000000
[    0.000000] MTRR: Disabled
[    0.000000] x86/PAT: MTRRs disabled, skipping PAT initialization too.
[    0.000000] CPU MTRRs all blank - virtualized system.
[    0.000000] x86/PAT: Configuration [0-7]: WB  WT  UC- UC  WB  WT  UC- UC  
[    0.000000] found SMP MP-table at [mem 0x0009fff0-0x0009ffff] mapped at [ffff88000009fff0]
[    0.000000] Scanning 1 areas for low memory corruption
[    0.000000] RAMDISK: [mem 0x362de000-0x37166fff]
[    0.000000] ACPI: Early table checksum verification disabled
[    0.000000] ACPI: RSDP 0x00000000000E0000 000024 (v02 VBOX  )
[    0.000000] ACPI: XSDT 0x000000003FFF0030 00003C (v01 VBOX   VBOXXSDT 00000001 ASL  00000061)
[    0.000000] ACPI: FACP 0x000000003FFF00F0 0000F4 (v04 VBOX   VBOXFACP 00000001 ASL  00000061)
[    0.000000] ACPI: DSDT 0x000000003FFF0470 002325 (v02 VBOX   VBOXBIOS 00000002 INTL 20100528)
[    0.000000] ACPI: FACS 0x000000003FFF0200 000040
[    0.000000] ACPI: FACS 0x000000003FFF0200 000040
[    0.000000] ACPI: APIC 0x000000003FFF0240 000054 (v02 VBOX   VBOXAPIC 00000001 ASL  00000061)
[    0.000000] ACPI: SSDT 0x000000003FFF02A0 0001CC (v01 VBOX   VBOXCPUT 00000002 INTL 20100528)
[    0.000000] No NUMA configuration found
[    0.000000] Faking a node at [mem 0x0000000000000000-0x000000003ffeffff]
[    0.000000] NODE_DATA(0) allocated [mem 0x3ffeb000-0x3ffeffff]
[    0.000000] kvm-clock: Using msrs 4b564d01 and 4b564d00
[    0.000000] kvm-clock: cpu 0, msr 0:3ffe3001, primary cpu clock
[    0.000000] kvm-clock: using sched offset of 3983633715 cycles
[    0.000000] clocksource: kvm-clock: mask: 0xffffffffffffffff max_cycles: 0x1cd42e4dffb, max_idle_ns: 881590591483 ns
[    0.000000] Zone ranges:
[    0.000000]   DMA      [mem 0x0000000000001000-0x0000000000ffffff]
[    0.000000]   DMA32    [mem 0x0000000001000000-0x000000003ffeffff]
[    0.000000]   Normal   empty
[    0.000000]   Device   empty
[    0.000000] Movable zone start for each node
[    0.000000] Early memory node ranges
[    0.000000]   node   0: [mem 0x0000000000001000-0x000000000009efff]
[    0.000000]   node   0: [mem 0x0000000000100000-0x000000003ffeffff]
[    0.000000] Initmem setup node 0 [mem 0x0000000000001000-0x000000003ffeffff]
[    0.000000] ACPI: PM-Timer IO Port: 0x4008
[    0.000000] IOAPIC[0]: apic_id 1, version 32, address 0xfec00000, GSI 0-23
[    0.000000] ACPI: INT_SRC_OVR (bus 0 bus_irq 0 global_irq 2 dfl dfl)
[    0.000000] ACPI: INT_SRC_OVR (bus 0 bus_irq 9 global_irq 9 low level)
[    0.000000] Using ACPI (MADT) for SMP configuration information
[    0.000000] smpboot: Allowing 1 CPUs, 0 hotplug CPUs
[    0.000000] PM: Registered nosave memory: [mem 0x00000000-0x00000fff]
[    0.000000] PM: Registered nosave memory: [mem 0x0009f000-0x0009ffff]
[    0.000000] PM: Registered nosave memory: [mem 0x000a0000-0x000effff]
[    0.000000] PM: Registered nosave memory: [mem 0x000f0000-0x000fffff]
[    0.000000] e820: [mem 0x40000000-0xfebfffff] available for PCI devices
[    0.000000] Booting paravirtualized kernel on KVM
[    0.000000] clocksource: refined-jiffies: mask: 0xffffffff max_cycles: 0xffffffff, max_idle_ns: 7645519600211568 ns
[    0.000000] setup_percpu: NR_CPUS:512 nr_cpumask_bits:512 nr_cpu_ids:1 nr_node_ids:1
[    0.000000] PERCPU: Embedded 33 pages/cpu @ffff88003fc00000 s95192 r8192 d31784 u2097152
[    0.000000] Built 1 zonelists in Node order, mobility grouping on.  Total pages: 257912
[    0.000000] Policy zone: DMA32
[    0.000000] Kernel command line: BOOT_IMAGE=/boot/vmlinuz-4.4.0-210-generic root=LABEL=cloudimg-rootfs ro console=tty1 console=ttyS0
[    0.000000] PID hash table entries: 4096 (order: 3, 32768 bytes)
[    0.000000] Memory: 997928K/1048120K available (8644K kernel code, 1332K rwdata, 4044K rodata, 1492K init, 1164K bss, 50192K reserved, 0K cma-reserved)
[    0.000000] SLUB: HWalign=64, Order=0-3, MinObjects=0, CPUs=1, Nodes=1
[    0.000000] Hierarchical RCU implementation.
[    0.000000] 	Build-time adjustment of leaf fanout to 64.
[    0.000000] 	RCU restricting CPUs from NR_CPUS=512 to nr_cpu_ids=1.
[    0.000000] RCU: Adjusting geometry for rcu_fanout_leaf=64, nr_cpu_ids=1
[    0.000000] NR_IRQS:33024 nr_irqs:256 16
[    0.000000] Console: colour VGA+ 80x25
[    0.000000] console [tty1] enabled
[    0.000000] console [ttyS0] enabled
[    0.000000] tsc: Detected 2496.010 MHz processor
[    0.427568] Calibrating delay loop (skipped) preset value.. 4992.02 BogoMIPS (lpj=9984040)
[    0.433668] pid_max: default: 32768 minimum: 301
[    0.436849] ACPI: Core revision 20150930
[    0.440875] ACPI: 2 ACPI AML tables successfully acquired and loaded
[    0.446355] Security Framework initialized
[    0.449527] Yama: becoming mindful.
[    0.452775] AppArmor: AppArmor initialized
[    0.456660] Dentry cache hash table entries: 131072 (order: 8, 1048576 bytes)
[    0.468336] Inode-cache hash table entries: 65536 (order: 7, 524288 bytes)
[    0.476177] Mount-cache hash table entries: 2048 (order: 2, 16384 bytes)
[    0.482022] Mountpoint-cache hash table entries: 2048 (order: 2, 16384 bytes)
[    0.488942] Initializing cgroup subsys io
[    0.491538] Initializing cgroup subsys memory
[    0.494697] Initializing cgroup subsys devices
[    0.498213] Initializing cgroup subsys freezer
[    0.501722] Initializing cgroup subsys net_cls
[    0.505876] Initializing cgroup subsys perf_event
[    0.509243] Initializing cgroup subsys net_prio
[    0.512327] Initializing cgroup subsys hugetlb
[    0.516040] Initializing cgroup subsys pids
[    0.519505] mce: CPU supports 0 MCE banks
[    0.522226] Last level iTLB entries: 4KB 64, 2MB 8, 4MB 8
[    0.525691] Last level dTLB entries: 4KB 64, 2MB 0, 4MB 0, 1GB 4
[    0.529919] Spectre V1 : Mitigation: usercopy/swapgs barriers and __user pointer sanitization
[    0.535945] Spectre V2 : Mitigation: Enhanced IBRS
[    0.539636] Spectre V2 : Spectre v2 / SpectreRSB mitigation: Filling RSB on context switch
[    0.546011] Speculative Store Bypass: Vulnerable
[    0.641300] Freeing SMP alternatives memory: 36K
[    0.679627] ftrace: allocating 32380 entries in 127 pages
[    1.139348] smpboot: APIC(0) Converting physical 0 to logical package 0
[    1.145037] smpboot: Max logical packages: 1
[    1.159152] ..TIMER: vector=0x30 apic1=0 pin1=2 apic2=-1 pin2=-1
[    1.271549] APIC calibration not consistent with PM-Timer: 97ms instead of 100ms
[    1.277876] APIC delta adjusted to PM-Timer: 6228802 (6055348)
[    1.287379] smpboot: CPU0: Intel(R) Core(TM) i5-10300H CPU @ 2.50GHz (family: 0x6, model: 0xa5, stepping: 0x2)
[    1.296423] Performance Events: unsupported p6 CPU model 165 no PMU driver, software events only.
[    1.345480] KVM setup paravirtual spinlock
[    1.352638] x86: Booted up 1 node, 1 CPUs
[    1.355833] smpboot: Total of 1 processors activated (4992.02 BogoMIPS)
[    1.361784] devtmpfs: initialized
[    1.367170] evm: security.selinux
[    1.369930] evm: security.SMACK64
[    1.373071] evm: security.SMACK64EXEC
[    1.375356] evm: security.SMACK64TRANSMUTE
[    1.377693] evm: security.SMACK64MMAP
[    1.380378] evm: security.ima
[    1.382170] evm: security.capability
[    1.384587] clocksource: jiffies: mask: 0xffffffff max_cycles: 0xffffffff, max_idle_ns: 7645041785100000 ns
[    1.390226] futex hash table entries: 256 (order: 2, 16384 bytes)
[    1.394700] pinctrl core: initialized pinctrl subsystem
[    1.398657] RTC time:  0:34:23, date: 07/15/21
[    1.402025] NET: Registered protocol family 16
[    1.405375] cpuidle: using governor ladder
[    1.408492] cpuidle: using governor menu
[    1.411122] PCCT header not found.
[    1.413645] ACPI: bus type PCI registered
[    1.416278] acpiphp: ACPI Hot Plug PCI Controller Driver version: 0.5
[    1.420320] PCI: Using configuration type 1 for base access
[    1.426198] ACPI: Added _OSI(Module Device)
[    1.429295] ACPI: Added _OSI(Processor Device)
[    1.431926] ACPI: Added _OSI(3.0 _SCP Extensions)
[    1.434937] ACPI: Added _OSI(Processor Aggregator Device)
[    1.438858] ACPI: Executed 1 blocks of module-level executable AML code
[    1.446207] ACPI: Interpreter enabled
[    1.448983] ACPI: (supports S0 S5)
[    1.451098] ACPI: Using IOAPIC for interrupt routing
[    1.454763] PCI: Using host bridge windows from ACPI; if necessary, use "pci=nocrs" and report a bug
[    1.464703] ACPI: PCI Root Bridge [PCI0] (domain 0000 [bus 00-ff])
[    1.468305] acpi PNP0A03:00: _OSC: OS supports [ASPM ClockPM Segments MSI]
[    1.472973] acpi PNP0A03:00: _OSC: not requesting OS control; OS requires [ExtendedConfig ASPM ClockPM MSI]
[    1.479201] acpi PNP0A03:00: fail to add MMCONFIG information, can't access extended PCI configuration space under this bridge.
[    1.486343] PCI host bridge to bus 0000:00
[    1.489423] pci_bus 0000:00: root bus resource [io  0x0000-0x0cf7 window]
[    1.493509] pci_bus 0000:00: root bus resource [io  0x0d00-0xffff window]
[    1.497656] pci_bus 0000:00: root bus resource [mem 0x000a0000-0x000bffff window]
[    1.503234] pci_bus 0000:00: root bus resource [mem 0x40000000-0xfdffffff window]
[    1.508325] pci_bus 0000:00: root bus resource [bus 00-ff]
[    1.514994] pci 0000:00:01.1: legacy IDE quirk: reg 0x10: [io  0x01f0-0x01f7]
[    1.519437] pci 0000:00:01.1: legacy IDE quirk: reg 0x14: [io  0x03f6]
[    1.523505] pci 0000:00:01.1: legacy IDE quirk: reg 0x18: [io  0x0170-0x0177]
[    1.527865] pci 0000:00:01.1: legacy IDE quirk: reg 0x1c: [io  0x0376]
[    1.670816] pci 0000:00:07.0: quirk: [io  0x4000-0x403f] claimed by PIIX4 ACPI
[    1.677629] pci 0000:00:07.0: quirk: [io  0x4100-0x410f] claimed by PIIX4 SMB
[    1.688477] ACPI: PCI Interrupt Link [LNKA] (IRQs 5 9 10 *11)
[    1.694242] ACPI: PCI Interrupt Link [LNKB] (IRQs 5 9 *10 11)
[    1.700397] ACPI: PCI Interrupt Link [LNKC] (IRQs 5 *9 10 11)
[    1.706880] ACPI: PCI Interrupt Link [LNKD] (IRQs 5 9 10 *11)
[    1.712823] ACPI: Enabled 2 GPEs in block 00 to 07
[    1.733904] vgaarb: setting as boot device: PCI:0000:00:02.0
[    1.738090] vgaarb: device added: PCI:0000:00:02.0,decodes=io+mem,owns=io+mem,locks=none
[    1.745212] vgaarb: loaded
[    1.747564] vgaarb: bridge control possible 0000:00:02.0
[    1.751355] SCSI subsystem initialized
[    1.754799] ACPI: bus type USB registered
[    1.757272] usbcore: registered new interface driver usbfs
[    1.761030] usbcore: registered new interface driver hub
[    1.764651] usbcore: registered new device driver usb
[    1.768350] PCI: Using ACPI for IRQ routing
[    1.771439] NetLabel: Initializing
[    1.773922] NetLabel:  domain hash size = 128
[    1.776483] NetLabel:  protocols = UNLABELED CIPSOv4
[    1.779716] NetLabel:  unlabeled traffic allowed by default
[    1.783053] amd_nb: Cannot enumerate AMD northbridges
[    1.786075] clocksource: Switched to clocksource kvm-clock
[    1.823441] AppArmor: AppArmor Filesystem Enabled
[    1.827205] pnp: PnP ACPI init
[    1.830372] pnp: PnP ACPI: found 3 devices
[    1.840315] clocksource: acpi_pm: mask: 0xffffff max_cycles: 0xffffff, max_idle_ns: 2085701024 ns
[    1.847340] NET: Registered protocol family 2
[    1.850784] TCP established hash table entries: 8192 (order: 4, 65536 bytes)
[    1.855759] TCP bind hash table entries: 8192 (order: 5, 131072 bytes)
[    1.860019] TCP: Hash tables configured (established 8192 bind 8192)
[    1.864181] UDP hash table entries: 512 (order: 2, 16384 bytes)
[    1.867734] UDP-Lite hash table entries: 512 (order: 2, 16384 bytes)
[    1.871887] NET: Registered protocol family 1
[    1.874963] pci 0000:00:00.0: Limiting direct PCI/PCI transfers
[    1.878510] pci 0000:00:01.0: Activating ISA DMA hang workarounds
[    1.882279] Unpacking initramfs...
[    2.307074] Freeing initrd memory: 14884K
[    2.311505] clocksource: tsc: mask: 0xffffffffffffffff max_cycles: 0x23fa80a809f, max_idle_ns: 440795273818 ns
[    2.318522] platform rtc_cmos: registered platform RTC device (no PNP device found)
[    2.323499] Scanning for low memory corruption every 60 seconds
[    2.327523] audit: initializing netlink subsys (disabled)
[    2.331048] audit: type=2000 audit(1626309269.111:1): initialized
[    2.335467] Initialise system trusted keyring
[    2.339639] HugeTLB registered 2 MB page size, pre-allocated 0 pages
[    2.347567] zbud: loaded
[    2.349934] VFS: Disk quotas dquot_6.6.0
[    2.353362] VFS: Dquot-cache hash table entries: 512 (order 0, 4096 bytes)
[    2.359186] squashfs: version 4.0 (2009/01/31) Phillip Lougher
[    2.363837] fuse init (API version 7.23)
[    2.366791] Key type big_key registered
[    2.369332] Allocating IMA MOK and blacklist keyrings.
[    2.378798] Key type asymmetric registered
[    2.381500] Asymmetric key parser 'x509' registered
[    2.385744] Block layer SCSI generic (bsg) driver version 0.4 loaded (major 249)
[    2.391952] io scheduler noop registered
[    2.394742] io scheduler deadline registered (default)
[    2.398016] io scheduler cfq registered
[    2.401499] pci_hotplug: PCI Hot Plug PCI Core version: 0.5
[    2.406130] pciehp: PCI Express Hot Plug Controller Driver version: 0.4
[    2.411902] ACPI: AC Adapter [AC] (on-line)
[    2.414986] input: Power Button as /devices/LNXSYSTM:00/LNXPWRBN:00/input/input0
[    2.420391] ACPI: Power Button [PWRF]
[    2.423168] input: Sleep Button as /devices/LNXSYSTM:00/LNXSLPBN:00/input/input1
[    2.427940] ACPI: Sleep Button [SLPF]
[    2.431664] ACPI: Battery Slot [BAT0] (battery present)
[    2.435084] GHES: HEST is not enabled!
[    2.437624] Serial: 8250/16550 driver, 32 ports, IRQ sharing enabled
[    2.472326] 00:02: ttyS0 at I/O 0x3f8 (irq = 4, base_baud = 115200) is a 16550A
[    2.481799] Linux agpgart interface v0.103
[    2.490713] loop: module loaded
[    2.495453] scsi host0: ata_piix
[    2.498622] scsi host1: ata_piix
[    2.500905] ata1: PATA max UDMA/33 cmd 0x1f0 ctl 0x3f6 bmdma 0xd000 irq 14
[    2.506948] ata2: PATA max UDMA/33 cmd 0x170 ctl 0x376 bmdma 0xd008 irq 15
[    2.513146] libphy: Fixed MDIO Bus: probed
[    2.516694] tun: Universal TUN/TAP device driver, 1.6
[    2.519943] tun: (C) 1999-2004 Max Krasnyansky <maxk@qualcomm.com>
[    2.524014] PPP generic driver version 2.4.2
[    2.527386] ehci_hcd: USB 2.0 'Enhanced' Host Controller (EHCI) Driver
[    2.531494] ehci-pci: EHCI PCI platform driver
[    2.534395] ehci-platform: EHCI generic platform driver
[    2.537554] ohci_hcd: USB 1.1 'Open' Host Controller (OHCI) Driver
[    2.543198] ohci-pci: OHCI PCI platform driver
[    2.546004] ohci-platform: OHCI generic platform driver
[    2.550464] uhci_hcd: USB Universal Host Controller Interface driver
[    2.554608] i8042: PNP: PS/2 Controller [PNP0303:PS2K,PNP0f03:PS2M] at 0x60,0x64 irq 1,12
[    2.562463] serio: i8042 KBD port at 0x60,0x64 irq 1
[    2.565622] serio: i8042 AUX port at 0x60,0x64 irq 12
[    2.569548] mousedev: PS/2 mouse device common for all mice
[    2.576418] input: AT Translated Set 2 keyboard as /devices/platform/i8042/serio0/input/input2
[    2.584100] rtc_cmos rtc_cmos: rtc core: registered rtc_cmos as rtc0
[    2.588623] rtc_cmos rtc_cmos: alarms up to one day, 114 bytes nvram
[    2.593331] i2c /dev entries driver
[    2.595932] device-mapper: uevent: version 1.0.3
[    2.600051] device-mapper: ioctl: 4.34.0-ioctl (2015-10-28) initialised: dm-devel@redhat.com
[    2.606995] ledtrig-cpu: registered to indicate activity on CPUs
[    2.615036] NET: Registered protocol family 10
[    2.619056] NET: Registered protocol family 17
[    2.622100] Key type dns_resolver registered
[    2.626380] registered taskstats version 1
[    2.629080] Loading compiled-in X.509 certificates
[    2.632929] Loaded X.509 cert 'Build time autogenerated kernel key: cf00e047681d67edb2720680708b7d9498083038'
[    2.641749] zswap: loaded using pool lzo/zbud
[    2.648225] Key type trusted registered
[    2.654720] Key type encrypted registered
[    2.657350] AppArmor: AppArmor sha1 policy hashing enabled
[    2.661511] ima: No TPM chip found, activating TPM-bypass!
[    2.665566] ima: Allocated hash algorithm: sha1
[    2.719773] evm: HMAC attrs: 0x1
[    2.723223]   Magic number: 13:159:557
[    2.726640] rtc_cmos rtc_cmos: setting system clock to 2021-07-15 00:34:24 UTC (1626309264)
[    2.732277] BIOS EDD facility v0.16 2004-Jun-25, 0 devices found
[    2.736229] EDD information not available.
[    2.742278] Freeing unused kernel memory: 1492K
[    2.746316] Write protecting the kernel read-only data: 14336k
[    2.750228] Freeing unused kernel memory: 1584K
[    2.754098] Freeing unused kernel memory: 52K
Loading, please wait...
starting version 229
[    2.772397] random: udevadm: uninitialized urandom read (16 bytes read, 3 bits of entropy available)
[    2.781396] random: systemd-udevd: uninitialized urandom read (16 bytes read, 3 bits of entropy available)
[    2.789541] random: systemd-udevd: uninitialized urandom read (16 bytes read, 3 bits of entropy available)
[    2.797616] random: udevadm: uninitialized urandom read (16 bytes read, 3 bits of entropy available)
[    2.804579] random: systemd-udevd: uninitialized urandom read (16 bytes read, 3 bits of entropy available)
[    2.818377] random: systemd-udevd: uninitialized urandom read (16 bytes read, 3 bits of entropy available)
[    2.829379] random: udevadm: uninitialized urandom read (16 bytes read, 3 bits of entropy available)
[    2.837970] random: systemd-udevd: uninitialized urandom read (16 bytes read, 3 bits of entropy available)
[    2.846566] random: udevadm: uninitialized urandom read (16 bytes read, 3 bits of entropy available)
[    2.852619] random: systemd-udevd: uninitialized urandom read (16 bytes read, 3 bits of entropy available)
[    2.925719] Fusion MPT base driver 3.04.20
[    2.929594] Copyright (c) 1999-2008 LSI Corporation
[    2.945379] e1000: Intel(R) PRO/1000 Network Driver - version 7.3.21-k8-NAPI
[    2.951455] e1000: Copyright (c) 1999-2006 Intel Corporation.
[    2.996794] Fusion MPT SPI Host driver 3.04.20
[    3.200773] input: ImExPS/2 Generic Explorer Mouse as /devices/platform/i8042/serio1/input/input4
[    3.635452] e1000 0000:00:03.0 eth0: (PCI:33MHz:32-bit) 02:0f:93:65:62:e0
[    3.640858] e1000 0000:00:03.0 eth0: Intel(R) PRO/1000 Network Connection
[    3.647035] mptbase: ioc0: Initiating bringup
[    3.712033] ioc0: LSI53C1030 A0: Capabilities={Initiator}
[    3.895790] scsi host2: ioc0: LSI53C1030 A0, FwRev=00000000h, Ports=1, MaxQ=256, IRQ=20
[    4.022969] scsi 2:0:0:0: Direct-Access     VBOX     HARDDISK         1.0  PQ: 0 ANSI: 5
[    4.032826] scsi target2:0:0: Beginning Domain Validation
[    4.044435] scsi target2:0:0: Domain Validation skipping write tests
[    4.048748] scsi target2:0:0: Ending Domain Validation
[    4.052570] scsi target2:0:0: asynchronous
[    4.056905] scsi 2:0:1:0: Direct-Access     VBOX     HARDDISK         1.0  PQ: 0 ANSI: 5
[    4.070103] scsi target2:0:1: Beginning Domain Validation
[    4.128103] scsi target2:0:1: Domain Validation skipping write tests
[    4.132304] scsi target2:0:1: Ending Domain Validation
[    4.144589] scsi target2:0:1: asynchronous
[    4.300384] sd 2:0:0:0: [sda] 83886080 512-byte logical blocks: (42.9 GB/40.0 GiB)
[    4.305453] sd 2:0:0:0: Attached scsi generic sg0 type 0
[    4.311329] sd 2:0:1:0: [sdb] 20480 512-byte logical blocks: (10.5 MB/10.0 MiB)
[    4.316632] sd 2:0:0:0: [sda] Write Protect is off
[    4.319772] sd 2:0:1:0: Attached scsi generic sg1 type 0
[    4.332016] sd 2:0:1:0: [sdb] Write Protect is off
[    4.335632] sd 2:0:0:0: [sda] Incomplete mode parameter data
[    4.340298] sd 2:0:0:0: [sda] Assuming drive cache: write through
[    4.345352] sd 2:0:1:0: [sdb] Incomplete mode parameter data
[    4.353158] sd 2:0:1:0: [sdb] Assuming drive cache: write through
[    4.386971]  sda: sda1
[    4.391249] sd 2:0:0:0: [sda] Attached SCSI disk
[    4.404383] sd 2:0:1:0: [sdb] Attached SCSI disk
[    4.805101] e1000 0000:00:08.0 eth1: (PCI:33MHz:32-bit) 08:00:27:17:55:e7
[    4.812260] e1000 0000:00:08.0 eth1: Intel(R) PRO/1000 Network Connection
[    4.818414] e1000 0000:00:08.0 enp0s8: renamed from eth1
[    4.823838] e1000 0000:00:03.0 enp0s3: renamed from eth0
Begin: Loading essential drivers ... [    6.422303] md: linear personality registered for level -1
[    6.428597] md: multipath personality registered for level -4
[    6.435685] md: raid0 personality registered for level 0
[    6.445283] md: raid1 personality registered for level 1
[    6.530216] raid6: sse2x1   gen()  9890 MB/s
[    6.605273] raid6: sse2x1   xor()  6854 MB/s
[    6.679217] raid6: sse2x2   gen() 13697 MB/s
[    6.754140] raid6: sse2x2   xor()  9340 MB/s
[    6.827830] raid6: sse2x4   gen() 15125 MB/s
[    6.902188] raid6: sse2x4   xor()  9283 MB/s
[    6.906568] raid6: using algorithm sse2x4 gen() 15125 MB/s
[    6.910168] raid6: .... xor() 9283 MB/s, rmw enabled
[    6.913225] raid6: using ssse3x2 recovery algorithm
[    6.919207] xor: measuring software checksum speed
[    7.042453]    prefetch64-sse: 96896.000 MB/sec
[    7.147364]    generic_sse: 48976.000 MB/sec
[    7.151620] xor: using function: prefetch64-sse (96896.000 MB/sec)
[    7.159152] async_tx: api initialized (async)
[    7.180542] md: raid6 personality registered for level 6
[    7.185207] md: raid5 personality registered for level 5
[    7.189452] md: raid4 personality registered for level 4
[    7.200846] md: raid10 personality registered for level 10
done.
Begin: Running /scripts/init-premount ... done.
Begin: Mounting root file system ... Begin: Running /scripts/local-top ... done.
Begin: Running /scripts/local-premount ... [    7.261605] Btrfs loaded
Scanning for Btrfs filesystems
done.
Warning: fsck not present, so skipping root file system
[    7.333267] EXT4-fs (sda1): mounted filesystem with ordered data mode. Opts: (null)
done.
Begin: Running /scripts/local-bottom ... done.
Begin: Running /scripts/init-bottom ... done.
[    7.485802] systemd[1]: systemd 229 running in system mode. (+PAM +AUDIT +SELINUX +IMA +APPARMOR +SMACK +SYSVINIT +UTMP +LIBCRYPTSETUP +GCRYPT +GNUTLS +ACL +XZ -LZ4 +SECCOMP +BLKID +ELFUTILS +KMOD -IDN)
[    7.499676] systemd[1]: Detected virtualization oracle.
[    7.502878] systemd[1]: Detected architecture x86-64.

Welcome to [1mUbuntu 16.04.7 LTS[0m!

[    7.515463] systemd[1]: Set hostname to <ubuntu>.
[    7.524567] systemd[1]: Initializing machine ID from random generator.
[    7.528774] systemd[1]: Installed transient /etc/machine-id file.
[    7.757890] systemd[1]: Listening on Syslog Socket.
[[0;32m  OK  [0m] Listening on Syslog Socket.
[    7.766938] systemd[1]: Listening on udev Control Socket.
[[0;32m  OK  [0m] Listening on udev Control Socket.
[    7.773591] systemd[1]: Listening on udev Kernel Socket.
[[0;32m  OK  [0m] Listening on udev Kernel Socket.
[    7.782805] systemd[1]: Reached target Encrypted Volumes.
[[0;32m  OK  [0m] Reached target Encrypted Volumes.
[    7.789839] systemd[1]: Listening on Journal Audit Socket.
[[0;32m  OK  [0m] Listening on Journal Audit Socket.
[    7.806855] systemd[1]: Listening on fsck to fsckd communication Socket.
[[0;32m  OK  [0m] Listening on fsck to fsckd communication Socket.
[    7.817017] systemd[1]: Started Forward Password Requests to Wall Directory Watch.
[[0;32m  OK  [0m] Started Forward Password Requests to Wall Directory Watch.
[    7.828436] systemd[1]: Started Trigger resolvconf update for networkd DNS.
[[0;32m  OK  [0m] Started Trigger resolvconf update for networkd DNS.
[    7.838477] systemd[1]: Listening on Journal Socket.
[[0;32m  OK  [0m] Listening on Journal Socket.
[    7.847107] systemd[1]: Created slice User and Session Slice.
[[0;32m  OK  [0m] Created slice User and Session Slice.
[    7.855641] systemd[1]: Reached target Swap.
[[0;32m  OK  [0m] Reached target Swap.
[    7.871981] systemd[1]: Reached target System Time Synchronized.
[[0;32m  OK  [0m] Reached target System Time Synchronized.
[    7.880554] systemd[1]: Listening on LVM2 poll daemon socket.
[[0;32m  OK  [0m] Listening on LVM2 poll daemon socket.
[    7.894806] systemd[1]: Listening on Device-mapper event daemon FIFOs.
[[0;32m  OK  [0m] Listening on Device-mapper event daemon FIFOs.
[    7.903494] systemd[1]: Listening on /dev/initctl Compatibility Named Pipe.
[[0;32m  OK  [0m] Listening on /dev/initctl Compatibility Named Pipe.
[    7.913898] systemd[1]: Listening on Journal Socket (/dev/log).
[[0;32m  OK  [0m] Listening on Journal Socket (/dev/log).
[    7.923551] systemd[1]: Reached target User and Group Name Lookups.
[[0;32m  OK  [0m] Reached target User and Group Name Lookups.
[    7.930295] systemd[1]: Listening on LVM2 metadata daemon socket.
[[0;32m  OK  [0m] Listening on LVM2 metadata daemon socket.
[    7.939757] systemd[1]: Created slice System Slice.
[[0;32m  OK  [0m] Created slice System Slice.
[    7.948248] systemd[1]: Starting File System Check on Root Device...
         Starting File System Check on Root Device...
[    7.957613] systemd[1]: Starting Monitoring of LVM2 mirrors, snapshots etc. using dmeventd or progress polling...
         Starting Monitoring of LVM2 mirrors... dmeventd or progress polling...
[    7.987633] systemd[1]: Created slice system-serial\x2dgetty.slice.
[[0;32m  OK  [0m] Created slice system-serial\x2dgetty.slice.
[    8.010070] systemd[1]: Starting Uncomplicated firewall...
         Starting Uncomplicated firewall...
[    8.025895] systemd[1]: Mounting Debug File System...
         Mounting Debug File System...
[    8.036921] systemd[1]: Mounting Huge Pages File System...
         Mounting Huge Pages File System...
[    8.048904] systemd[1]: Mounting POSIX Message Queue File System...
         Mounting POSIX Message Queue File System...
[    8.061395] systemd[1]: Starting Load Kernel Modules...
         Starting Load Kernel Modules...
[    8.079322] systemd[1]: Starting Journal Service...
         Starting Journal Service...
[    8.095620] systemd[1]: Starting Create list of required static device nodes for the current kernel...
[    8.102144] Loading iSCSI transport class v2.0-870.
         Starting Create list of required st... nodes for the current kernel...
[    8.126202] systemd[1]: Starting Set console keymap...
         Starting Set console keymap...
[    8.142924] systemd[1]: Set up automount Arbitrary Executable File Formats File System Automount Point.
[    8.154386] iscsi: registered transport (tcp)
[[0;32m  OK  [0m] Set up automount Arbitrary Executab...ats File System Automount Point.
[    8.179477] systemd[1]: Reached target Slices.
[[0;32m  OK  [0m] Reached target Slices.
[    8.198675] systemd[1]: Starting Nameserver information manager...
         Starting Nameserver information manager...
[    8.216117] systemd[1]: Mounted Huge Pages File System.
[[0;32m  OK  [0m] Mounted Huge Pages File System.
[    8.227654] systemd[1]: Mounted Debug File System.
[[0;32m  OK  [0m] Mounted Debug File System.
[    8.240544] systemd[1]: Mounted POSIX Message Queue File System.
[[0;32m  OK  [0m] Mounted POSIX Message Queue File System.
[    8.264956] systemd[1]: Started Journal Service.
[[    8.275175] iscsi: registered transport (iser)
[0;32m  OK  [0m] Started Journal Service.
[[0;32m  OK  [0m] Started File System Check on Root Device.
[[0;32m  OK  [0m] Started Uncomplicated firewall.
[[0;32m  OK  [0m] Started Load Kernel Modules.
[[0;32m  OK  [0m] Started Create list of required sta...ce nodes for the current kernel.
[[0;32m  OK  [0m] Started Set console keymap.
[    8.327371] random: nonblocking pool is initialized
[[0;32m  OK  [0m] Started LVM2 metadata daemon.
[[0;32m  OK  [0m] Started File System Check Daemon to report status.
         Starting Create Static Device Nodes in /dev...
         Mounting FUSE Control File System...
         Starting Apply Kernel Variables...
         Starting Remount Root and Kernel File Systems...
[[0;32m  OK  [0m] Mounted FUSE Control File System.
[[0;32m  OK  [0m] Started Nameserver information manager.
[[0;32m  OK  [0m] Started Create Static Device Nodes in /dev.
[[0;32m  OK  [0m] Started Apply Kernel Variables.
[[0;32m  OK  [0m] Started Remount Root and Kernel File Systems.
         Starting udev Coldplug all Devices...
         Starting Load/Save Random Seed...
         Starting Flush Journal to Persistent Storage...
         Starting udev Kernel Device Manager...
[[0;32m  OK  [0m] Started Load/Save Random Seed.
[[0;32m  OK  [0m] Started Monitoring of LVM2 mirrors,...ng dmeventd or progress polling.
[[0;32m  OK  [0m] Reached target Local File Systems (Pre).
[[0;32m  OK  [0m] Reached target Local File Systems.
         Starting Commit a transient machine-id on disk...
         Starting Tell Plymouth To Write Out Runtime Data...
         Starting Initial cloud-init job (pre-networking)...
         Starting Set console font and keymap...
         Starting LSB: AppArmor initialization...
[[0;32m  OK  [0m] Started Commit a transient machine-id on disk.
[[0;32m  OK  [0m] Started Tell Plymouth To Write Out Runtime Data.
[[0;32m  OK  [0m] Started Flush Journal to Persistent Storage.
         Starting Create Volatile Files and Directories...
[[0;32m  OK  [0m] Started Create Volatile Files and Directories.
         Starting Update UTMP about System Boot/Shutdown...
[[0;32m  OK  [0m] Started Update UTMP about System Boot/Shutdown.
[[0;32m  OK  [0m] Started udev Kernel Device Manager.
[[0;32m  OK  [0m] Started udev Coldplug all Devices.
[[0;32m  OK  [0m] Started Dispatch Password Requests to Console Directory Watch.
[[0;32m  OK  [0m] Found device /dev/ttyS0.
[[0;32m  OK  [0m] Listening on Load/Save RF Kill Switch Status /dev/rfkill Watch.
[   11.052790] cloud-init[457]: [[0;32m  OK  [0m] Started LSB: AppArmor initialization.
Cloud-init v. 21.1-19-gbad84ad4-0ubuntu1~16.04.2 running 'init-local' at Thu, 15 Jul 2021 00:34:32 +0000. Up 10.19 seconds.         Starting Load AppArmor profiles managed internally by snapd...
[[0;32m  OK  [0m] Started Initial cloud-init job (pre-networking).
[[0;32m  OK  [0m] Reached target Network (Pre).

         Starting Raise network interfaces...
[[0;32m  OK  [0m] Started Load AppArmor profiles managed internally by snapd.
[[0;32m  OK  [0m] Started Set console font and keymap.
[[0;32m  OK  [0m] Created slice system-getty.slice.
[[0;32m  OK  [0m] Started Raise network interfaces.
         Starting Initial cloud-init job (metadata service crawler)...
[[0;32m  OK  [0m] Reached target Network.
[   13.272251] cloud-init[950]: Cloud-init v. 21.1-19-gbad84ad4-0ubuntu1~16.04.2 running 'init' at Thu, 15 Jul 2021 00:34:35 +0000. Up 12.72 seconds.
[   13.286624] cloud-init[950]: ci-info: ++++++++++++++++++++++++++++++++++++++Net device info++++++++++++++++++++++++++++++++++++++
[   13.316406] cloud-init[950]: ci-info: +--------+-------+---------------------------+---------------+--------+-------------------+
[   13.338241] cloud-init[950]: ci-info: | Device |   Up  |          Address          |      Mask     | Scope  |     Hw-Address    |
[   13.353699] [[0;32m  OK  [0m] cloud-init[950]: ci-info: +--------+-------+---------------------------+---------------+--------+-------------------+Started Initial cloud-init job (metadata service crawler).
[[0;32m  OK  [0m] 
[   13.374330] cloud-initReached target System Initialization.
[950]: ci-info: | enp0s3 |  True |         10.0.2.15         | 255.255.255.0 | global | 02:0f:93:65:62:e0 |
[   13.386185] cloud-init         Starting LXD - unix socket.
[[0;32m  OK  [0m[950]: ci-info: | enp0s3 |  True | fe80::f:93ff:fe65:62e0/64 |       .       |  link  | 02:0f:93:65:62:e0 |] Started Message of the Day.
[
[   13.406064] cloud-init[950]: ci-info: | enp0s8 | False |             .             |       .       |   .    | 08:00:27:17:55:e7 |[0;32m  OK  [0m] Listening on UUID daemon activation socket.
         Starting Socket activation for snappy daemon.
[   13.421609] cloud-init[950]: 
[[0;32m  OK  [0mci-info: |   lo   |  True |         127.0.0.1         |   255.0.0.0   |  host  |         .         |
] Listening on D-Bus System Message Bus Socket.
[[   13.437038] cloud-init[950]: ci-info: |   lo   |  True |          ::1/128          |       .       |  host  |         .         |[0;32m  OK  [0m] Started Ubuntu Advantage update messaging.

[   13.456518] cloud-init[950]: ci-info: +--------+-------+---------------------------+---------------+--------+-------------------+[[0;32m  OK  [0m] Started ACPI Events Check.
[   13.470469] cloud-init
[[0;32m  OK  [0m[950]: ci-info: +++++++++++++++++++++++++++Route IPv4 info++++++++++++++++++++++++++++] Reached target Paths.
[
[   13.486158] cloud-init[0;32m  OK  [0m] Listening on ACPID Listen Socket.[950]: ci-info: +-------+-------------+----------+---------------+-----------+-------+

[[0;32m  OK  [0m[   13.500590] cloud-init[950]: ci-info: | Route | Destination | Gateway  |    Genmask    | Interface | Flags |] Started Daily apt download activities.
[[0;32m  OK  [0m
[   13.514650] cloud-init] Started Daily apt upgrade and clean activities.
[950]: ci-info: +-------+-------------+----------+---------------+-----------+-------+[[0;32m  OK  [0m] Started Daily Cleanup of Temporary Directories.
[   13.534531] cloud-init[950]: ci-info: |   0   |   0.0.0.0   | 10.0.2.2 |    0.0.0.0    |   enp0s3  |   UG  |
[
[   13.545532] cloud-init[950]: [0;32m  OK  [0m] Reached target Timers.
[[0;32m  OK  [0m] ci-info: |   1   |   10.0.2.0  | 0.0.0.0  | 255.255.255.0 |   enp0s3  |   U   |Reached target Cloud-config availability.
[[0;32m  OK  [0m] Reached target Network is Online.
         Starting iSCSI initiator daemon (iscsid)...
[[0;32m  OK  [0m] Listening on LXD - unix socket.
[   13.622366] cloud-init
[[0;32m  OK  [0m[950]: ci-info: +-------+-------------+----------+---------------+-----------+-------+] Listening on Socket activation for snappy daemon.

[[0;32m  OK  [0m] Reached target Sockets.
[   13.653702] cloud-init[[0;32m  OK  [0m] [950]: ci-info: +++++++++++++++++++Route IPv6 info+++++++++++++++++++Reached target Basic System.

[[0;32m  OK  [0m[   13.672390] cloud-init[950]: ci-info: +-------+-------------+---------+-----------+-------+] Started ACPI event daemon.
[   13.686585] 
         Starting Virtualbox guest utils...cloud-init
[950]:          Starting LXD - container startup/shutdown...
ci-info: | Route | Destination | Gateway | Interface | Flags |[[0;32m  OK  [0m] 
[   13.722727] Started Deferred execution scheduler.
cloud-init         Starting System Logging Service...
[950]:          ci-info: +-------+-------------+---------+-----------+-------+Starting /etc/rc.local Compatibility...
[
[0;32m  OK  [0m] Started Regular background program processing daemon.
         Starting LSB: Record successful boot for GRUB...[   13.783972] cloud-init
[[0;32m  OK  [0m] Started D-Bus System Message Bus.
[950]: ci-info: |   0   |  fe80::/64  |    ::   |   enp0s3  |   U   |
[   13.850979] cloud-init[950]: ci-info: |   3   |   ff00::/8  |    ::   |   enp0s3  |   U   |
         [   13.888788] cloud-init[950]: Starting Pollinate to seed the pseudo random number generator...
         Starting Accounts Service...
ci-info: +-------+-------------+---------+-----------+-------+         Starting Snap Daemon...
         Starting LSB: MD monitoring daemon...
         Starting Login Service...
[[0;32m  OK  [0m] Started FUSE filesystem for LXC.
[[0;32m  OK  [0m] Started System Logging Service.

[[0;32m  OK  [0m] Started /etc/rc.local Compatibility.
[[0;32m  OK  [0m] Started iSCSI initiator daemon (iscsid).[   14.028873] cloud-init[950]: Generating public/private rsa key pair.
         Starting Login to default iSCSI targets...
[[0;32m  OK  [0m] Started Login Service.
[[0;32m  OK  [0m] Started LSB: Record successful boot for GRUB.
[[0;32m  OK  [0m] Started Unattended Upgrades Shutdown.

[[0;32m  OK  [0m] Started Login to default iSCSI targets.
[[0;32m  OK  [0m] Reached target Remote File Systems (Pre).
[[0;32m  OK  [0m] Reached target Remote File Systems.
[   14.193615] cloud-init         Starting LSB: Set the CPU Frequency Scaling governor to "ondemand"...
         Starting LSB: daemon to balance interrupts for SMP systems...
         Starting LSB: automatic crash report generation...
         Starting Permit User Sessions...
[[0;32m  OK  [0m[950]: Your identification has been saved in /etc/ssh/ssh_host_rsa_key.] Started Permit User Sessions.
[[0;32m  OK  [0m] Started LSB: MD monitoring daemon.
         Starting Terminate Plymouth Boot Screen...
         Starting Hold until boot process finishes up...
[[0;32m  OK  [0m
] Started Terminate Plymouth Boot Screen.
[[0;32m  OK  [0m] Started Hold until boot process finishes up.
[[0;32m  OK  [0m] Started Serial Getty on ttyS0.
         Starting Set console scheme...
[[0;32m  OK  [0m[   14.406901] ] Started Getty on tty1.
[[0;32m  OK  [0m] Reached target Login Prompts.
[cloud-init[0;32m  OK  [0m] Started Set console scheme.
[[0;32m  OK  [0m] Started LXD - container startup/shutdown.
[[0;32m  OK  [0m] Started LSB: daemon to balance interrupts for SMP systems.
[950]: Your public key has been saved in /etc/ssh/ssh_host_rsa_key.pub.         Starting Authenticate and Authorize Users to Run Privileged Tasks...
[[0;32m  OK  [0m] Started LSB: Set the CPU Frequency Scaling governor to "ondemand".

[   14.576903] cloud-init[[0;32m  OK  [0m] Started Authenticate and Authorize Users to Run Privileged Tasks.
[[0;32m  OK  [0m] Started Accounts Service.
[950]: The key fingerprint is:[[0;32m  OK  [0m] Started LSB: automatic crash report generation.

[   14.665893] cloud-init[950]: SHA256:jU9Ioo3GwLuFPw3E6U4iv5DXqDCJok1F7Vw6LPSZOHY root@ubuntu-xenial
[   14.714792] cloud-init[950]: The key's randomart image is:
[   14.771789] cloud-init[950]: +---[RSA 2048]----+
[   14.832515] cloud-init[950]: |                 |
[   14.916416] cloud-init[950]: | . . o           |[[0;32m  OK  [0m] Started Virtualbox guest utils.

[   14.994608] cloud-init[950]: |  o * o o        |
[   15.027900] cloud-init[950]: |   X X B +       |
[   15.070606] cloud-init[950]: |. + / E S o      |
[   15.113311] cloud-init[950]: |.= & * . o       |
[   15.156185] cloud-init[950]: |O * = .   .      |
[   15.183809] cloud-init[950]: |+B . .           |
[   15.217348] cloud-init[950]: |o o              |
[   15.263606] cloud-init[950]: +----[SHA256]-----+
[   15.306452] cloud-init[950]: Generating public/private dsa key pair.
[   15.329242] cloud-init[950]: Your identification has been saved in /etc/ssh/ssh_host_dsa_key.[[0;32m  OK  [0m] Started Snap Daemon.

         Starting Wait until snapd is fully seeded...
[   15.373244] cloud-init[950]: Your public key has been saved in /etc/ssh/ssh_host_dsa_key.pub.
[   15.413529] cloud-init[950]: The key fingerprint is:
[   15.448303] cloud-init[950]: SHA256:HXpDq/Wo+n0IHkmXM+VlDJVlrEtYu+j4NEhiayovAzI root@ubuntu-xenial
[   15.474064] cloud-init[950]: The key's randomart image is:
[   15.505354] cloud-init[950]: +---[DSA 1024]----+
[   15.528315] cloud-init[950]: |            .+.+o|
[   15.550151] cloud-init[950]: |            . *..|
[   15.582789] cloud-init[950]: |          o+ = o |
[   15.612405] cloud-init[950]: |        .+=oo +  |
[   15.630501] cloud-init[950]: |       .SoBo o o |
[   15.649675] cloud-init[950]: |E .    .+B =. o  |
[   15.674425] cloud-init[950]: | o .   .+oo++    |
[   15.693604] cloud-init[950]: |    +  o.oo.o.   |
[   15.712342] cloud-init[950]: |     =+oo .o.    |
[   15.729213] cloud-init[950]: +----[SHA256]-----+
[   15.750552] cloud-init[950]: Generating public/private ecdsa key pair.
[   15.768755] cloud-init[950]: Your identification has been saved in /etc/ssh/ssh_host_ecdsa_key.
[   15.793798] cloud-init[950]: Your public key has been saved in /etc/ssh/ssh_host_ecdsa_key.pub.
[   15.824366] cloud-init[950]: The key fingerprint is:
[   15.842811] cloud-init[950]: SHA256:/kKGKaQZIqkwkVYfz5ZNStde0hRlYTwD915O2a82ZzU root@ubuntu-xenial
[   15.879583] cloud-init[950]: The key's randomart image is:
[   15.903136] [[0;32m  OK  [0mcloud-init] Started Pollinate to seed the pseudo random number generator.[950]: 
         Starting OpenBSD Secure Shell server...+---[ECDSA 256]---+

[   15.948151] cloud-init[950]: | ... . . o. o+=*.|[[0;32m  OK  [0m] 
Started OpenBSD Secure Shell server.
[   15.988110] cloud-init[950]: |o.  . = *  o o+++|
[   16.014918] cloud-init[950]: |.o   . * .. o  .B|
[   16.032565] cloud-init[950]: |* . . .    .   +o|
[   16.050444] cloud-init[950]: |+o =   oS      E=|
[   16.068344] cloud-init[950]: |. o . o.o      .o|
[   16.087789] cloud-init[950]: |     . o.     + o|
[   16.105428] cloud-init[950]: |        ..   . + |
[   16.123210] cloud-init[950]: |         ..      |
[   16.139952] cloud-init[950]: +----[SHA256]-----+
[   16.159055] cloud-init[950]: Generating public/private ed25519 key pair.
[   16.181886] cloud-init[950]: Your identification has been saved in /etc/ssh/ssh_host_ed25519_key.
[   16.198489] cloud-init[950]: Your public key has been saved in /etc/ssh/ssh_host_ed25519_key.pub.
[   16.207266] cloud-init[950]: The key fingerprint is:
[   16.215845] cloud-init[950]: SHA256:EMqsshUnKpmtfDe62VCnk4kxZYq/c/Q+T45kITaKbXI root@ubuntu-xenial
[   16.225063] cloud-init[950]: The key's randomart image is:
[   16.233011] cloud-init[950]: +--[ED25519 256]--+
[   16.241053] cloud-init[950]: |      .          |
[   16.249731] cloud-init[950]: |   o . .         |
[   16.267764] cloud-init[950]: |  o =o.          |
[   16.276467] cloud-init[950]: | =.=+  .         |
[   16.284786] cloud-init[950]: |*.++ = oS        |
[   16.292470] cloud-init[950]: |o=+ B.B .        |
[   16.299942] cloud-init[950]: |o+ E.B.o .       |
[   16.307504] cloud-init[950]: |  =.B.=o+        |
[   16.315387] cloud-init[950]: |   =+..ooo       |
[   16.323064] cloud-init[950]: +----[SHA256]-----+
[[0;32m  OK  [0m] Created slice User Slice of vagrant.
         Starting User Manager for UID 1000...
[[0;32m  OK  [0m] Started Session 1 of user vagrant.
[[0;32m  OK  [0m] Started User Manager for UID 1000.

Ubuntu 16.04.7 LTS ubuntu-xenial ttyS0

ubuntu-xenial login: [   20.753553] cloud-init[1486]: Generating locales (this might take a while)...
[   22.252902] cloud-init[1486]:   en_US.UTF-8... done
[   22.261955] cloud-init[1486]: Generation complete.
[   22.587073] cloud-init[1486]: Cloud-init v. 21.1-19-gbad84ad4-0ubuntu1~16.04.2 running 'modules:config' at Thu, 15 Jul 2021 00:34:43 +0000. Up 20.62 seconds.
ci-info: no authorized SSH keys fingerprints found for user ubuntu.
<14>Jul 15 00:34:45 ec2: 
<14>Jul 15 00:34:45 ec2: #############################################################
<14>Jul 15 00:34:45 ec2: -----BEGIN SSH HOST KEY FINGERPRINTS-----
<14>Jul 15 00:34:45 ec2: 1024 SHA256:HXpDq/Wo+n0IHkmXM+VlDJVlrEtYu+j4NEhiayovAzI root@ubuntu-xenial (DSA)
<14>Jul 15 00:34:45 ec2: 256 SHA256:/kKGKaQZIqkwkVYfz5ZNStde0hRlYTwD915O2a82ZzU root@ubuntu-xenial (ECDSA)
<14>Jul 15 00:34:45 ec2: 256 SHA256:EMqsshUnKpmtfDe62VCnk4kxZYq/c/Q+T45kITaKbXI root@ubuntu-xenial (ED25519)
<14>Jul 15 00:34:45 ec2: 2048 SHA256:jU9Ioo3GwLuFPw3E6U4iv5DXqDCJok1F7Vw6LPSZOHY root@ubuntu-xenial (RSA)
<14>Jul 15 00:34:45 ec2: -----END SSH HOST KEY FINGERPRINTS-----
<14>Jul 15 00:34:45 ec2: #############################################################
-----BEGIN SSH HOST KEY KEYS-----
ecdsa-sha2-nistp256 AAAAE2VjZHNhLXNoYTItbmlzdHAyNTYAAAAIbmlzdHAyNTYAAABBBGfXvK5LeaB+JlXcuRgU2zdEZVOrSJmfNqLVOgG7lMYCILzAg+k3n8fwhEi5eIVXr1hwESrOdmShEv4VcBXaUjQ= root@ubuntu-xenial
ssh-ed25519 AAAAC3NzaC1lZDI1NTE5AAAAIOOZegh7saZ0RLR6JOmmMi9PivixPWUzVusXXoZBryDa root@ubuntu-xenial
ssh-rsa AAAAB3NzaC1yc2EAAAADAQABAAABAQClU1FhZr0sBYQROGvAT3lzcn2rvuNka8maaDFWpKPo2PXSEJIx61IH/y+6V2jTpJkxihUiBsJIMbiCTl8/Ar69R7rO+kPnLk/2sUr3oyH1cyIMRnt7PCLPz8nIWUsrIc6gwZq2UQMde3SYG64nv0IPDou11/qG1YCNXqJpntDH6KbIwKXA9AJTOWoqCrUtTGQ/w/WYYJC3kU4ocMl5p5CQbv7Z6aLhFAcfoXjiN7OLE0HQ246MpMTqprT66J2jx07snu06AxNF8QgtDRIxs29X9D3gE+ZY5uzqiYOm4TJ+coDbmvHvX+hMuSKwdZJv+dsxICwCBnkNx2abPfFv5oxd root@ubuntu-xenial
-----END SSH HOST KEY KEYS-----
[   23.090267] cloud-init[1634]: Cloud-init v. 21.1-19-gbad84ad4-0ubuntu1~16.04.2 running 'modules:final' at Thu, 15 Jul 2021 00:34:45 +0000. Up 22.89 seconds.
[   23.117432] cloud-init[1634]: ci-info: no authorized SSH keys fingerprints found for user ubuntu.
[   23.136193] cloud-init[1634]: Cloud-init v. 21.1-19-gbad84ad4-0ubuntu1~16.04.2 finished at Thu, 15 Jul 2021 00:34:45 +0000. Datasource DataSourceNoCloud [seed=/dev/sdb][dsmode=net].  Up 23.07 seconds
